28/12/2017 22:56:46 ITATS691E LDAP synchronization error. Reason: Object moshe details could not be queried on LDAP directory. (Reason: Connection failed to all hosts of "DuduDC" LDAP directory (Last host name: 192.168
28/12/2017 22:57:07 ITATS691E LDAP synchronization error. Reason: Object dude123 details could not be queried on LDAP directory. (Reason: Connection failed to all hosts of "DuduDC" LDAP directory (Last host name: 192.1
28/12/2017 22:57:28 ITATS691E LDAP synchronization error. Reason: Object jjabrams details could not be queried on LDAP directory. (Reason: Connection failed to all hosts of "DuduDC" LDAP directory (Last host name: 192.
28/12/2017 22:57:49 ITATS691E LDAP synchronization error. Reason: Object slava details could not be queried on LDAP directory. (Reason: Connection failed to all hosts of "DuduDC" LDAP directory (Last host name: 192.168
28/12/2017 22:58:10 ITATS691E LDAP synchronization error. Reason: Object sharedMailBox details could not be queried on LDAP directory. (Reason: Connection failed to all hosts of "DuduDC" LDAP directory (Last host name:
29/12/2017 22:57:07 ITATS691E LDAP synchronization error. Reason: Object moshe details could not be queried on LDAP directory. (Reason: Connection failed to all hosts of "DuduDC" LDAP directory (Last host name: 192.168
29/12/2017 22:57:28 ITATS691E LDAP synchronization error. Reason: Object dude123 details could not be queried on LDAP directory. (Reason: Connection failed to all hosts of "DuduDC" LDAP directory (Last host name: 192.1
29/12/2017 22:57:49 ITATS691E LDAP synchronization error. Reason: Object jjabrams details could not be queried on LDAP directory. (Reason: Connection failed to all hosts of "DuduDC" LDAP directory (Last host name: 192.
29/12/2017 22:58:10 ITATS691E LDAP synchronization error. Reason: Object slava details could not be queried on LDAP directory. (Reason: Connection failed to all hosts of "DuduDC" LDAP directory (Last host name: 192.168
29/12/2017 22:58:31 ITATS691E LDAP synchronization error. Reason: Object sharedMailBox details could not be queried on LDAP directory. (Reason: Connection failed to all hosts of "DuduDC" LDAP directory (Last host name:
30/12/2017 22:56:30 ITATS691E LDAP synchronization error. Reason: Object moshe details could not be queried on LDAP directory. (Reason: Connection failed to all hosts of "DuduDC" LDAP directory (Last host name: 192.168
30/12/2017 22:56:51 ITATS691E LDAP synchronization error. Reason: Object dude123 details could not be queried on LDAP directory. (Reason: Connection failed to all hosts of "DuduDC" LDAP directory (Last host name: 192.1
30/12/2017 22:57:12 ITATS691E LDAP synchronization error. Reason: Object jjabrams details could not be queried on LDAP directory. (Reason: Connection failed to all hosts of "DuduDC" LDAP directory (Last host name: 192.
30/12/2017 22:57:33 ITATS691E LDAP synchronization error. Reason: Object slava details could not be queried on LDAP directory. (Reason: Connection failed to all hosts of "DuduDC" LDAP directory (Last host name: 192.168
30/12/2017 22:57:54 ITATS691E LDAP synchronization error. Reason: Object sharedMailBox details could not be queried on LDAP directory. (Reason: Connection failed to all hosts of "DuduDC" LDAP directory (Last host name:
31/12/2017 22:56:59 ITATS691E LDAP synchronization error. Reason: Object moshe details could not be queried on LDAP directory. (Reason: Connection failed to all hosts of "DuduDC" LDAP directory (Last host name: 192.168
31/12/2017 22:57:20 ITATS691E LDAP synchronization error. Reason: Object dude123 details could not be queried on LDAP directory. (Reason: Connection failed to all hosts of "DuduDC" LDAP directory (Last host name: 192.1
31/12/2017 22:57:41 ITATS691E LDAP synchronization error. Reason: Object jjabrams details could not be queried on LDAP directory. (Reason: Connection failed to all hosts of "DuduDC" LDAP directory (Last host name: 192.
31/12/2017 22:58:02 ITATS691E LDAP synchronization error. Reason: Object slava details could not be queried on LDAP directory. (Reason: Connection failed to all hosts of "DuduDC" LDAP directory (Last host name: 192.168
31/12/2017 22:58:23 ITATS691E LDAP synchronization error. Reason: Object sharedMailBox details could not be queried on LDAP directory. (Reason: Connection failed to all hosts of "DuduDC" LDAP directory (Last host name:
01/01/2018 10:36:09 ITADB352S License has expired.
01/01/2018 10:36:13 ITADB352S License has expired.
01/01/2018 22:54:09 ITATS691E LDAP synchronization error. Reason: Object moshe details could not be queried on LDAP directory. (Reason: Connection failed to all hosts of "DuduDC" LDAP directory (Last host name: 192.168
01/01/2018 22:54:30 ITATS691E LDAP synchronization error. Reason: Object dude123 details could not be queried on LDAP directory. (Reason: Connection failed to all hosts of "DuduDC" LDAP directory (Last host name: 192.1
01/01/2018 22:54:51 ITATS691E LDAP synchronization error. Reason: Object jjabrams details could not be queried on LDAP directory. (Reason: Connection failed to all hosts of "DuduDC" LDAP directory (Last host name: 192.
01/01/2018 22:55:12 ITATS691E LDAP synchronization error. Reason: Object slava details could not be queried on LDAP directory. (Reason: Connection failed to all hosts of "DuduDC" LDAP directory (Last host name: 192.168
01/01/2018 22:55:34 ITATS691E LDAP synchronization error. Reason: Object sharedMailBox details could not be queried on LDAP directory. (Reason: Connection failed to all hosts of "DuduDC" LDAP directory (Last host name:
02/01/2018 22:53:39 ITATS691E LDAP synchronization error. Reason: Object moshe details could not be queried on LDAP directory. (Reason: Connection failed to all hosts of "DuduDC" LDAP directory (Last host name: 192.168
02/01/2018 22:54:00 ITATS691E LDAP synchronization error. Reason: Object dude123 details could not be queried on LDAP directory. (Reason: Connection failed to all hosts of "DuduDC" LDAP directory (Last host name: 192.1
02/01/2018 22:54:21 ITATS691E LDAP synchronization error. Reason: Object jjabrams details could not be queried on LDAP directory. (Reason: Connection failed to all hosts of "DuduDC" LDAP directory (Last host name: 192.
02/01/2018 22:54:42 ITATS691E LDAP synchronization error. Reason: Object slava details could not be queried on LDAP directory. (Reason: Connection failed to all hosts of "DuduDC" LDAP directory (Last host name: 192.168
02/01/2018 22:55:03 ITATS691E LDAP synchronization error. Reason: Object sharedMailBox details could not be queried on LDAP directory. (Reason: Connection failed to all hosts of "DuduDC" LDAP directory (Last host name:
03/01/2018 22:54:05 ITATS691E LDAP synchronization error. Reason: Object moshe details could not be queried on LDAP directory. (Reason: Connection failed to all hosts of "DuduDC" LDAP directory (Last host name: 192.168
03/01/2018 22:54:26 ITATS691E LDAP synchronization error. Reason: Object dude123 details could not be queried on LDAP directory. (Reason: Connection failed to all hosts of "DuduDC" LDAP directory (Last host name: 192.1
03/01/2018 22:54:47 ITATS691E LDAP synchronization error. Reason: Object jjabrams details could not be queried on LDAP directory. (Reason: Connection failed to all hosts of "DuduDC" LDAP directory (Last host name: 192.
03/01/2018 22:55:08 ITATS691E LDAP synchronization error. Reason: Object slava details could not be queried on LDAP directory. (Reason: Connection failed to all hosts of "DuduDC" LDAP directory (Last host name: 192.168
03/01/2018 22:55:29 ITATS691E LDAP synchronization error. Reason: Object sharedMailBox details could not be queried on LDAP directory. (Reason: Connection failed to all hosts of "DuduDC" LDAP directory (Last host name:
04/01/2018 10:04:25 ITADB352S License has expired.
04/01/2018 10:08:15 ITADB319I Database manager is shutting down. Waiting for queued and active transactions to finish processing...
04/01/2018 10:08:19 ITAUI418I UI input is down. No more requests are accepted.
04/01/2018 10:08:19 ITADB365I Waiting on 1 active task(s)...
04/01/2018 10:08:24 ITAUI420I UI output is down.
04/01/2018 10:08:28 ITADB315I Server has normally terminated
04/01/2018 10:08:28 ITAFW002I Firewall is closed to client communication
04/01/2018 10:17:50 ITAIGM03I DebugLevel 1 ACTIVATED for Class PE
04/01/2018 10:17:50 ITAIGM03I DebugLevel 1 ACTIVATED for Class PERF
04/01/2018 10:17:50 ITAIGM03I DebugLevel 14 ACTIVATED for Class DM
04/01/2018 10:17:50 ITAIGM03I DebugLevel 15 ACTIVATED for Class DM
04/01/2018 10:17:50 ITAIGM00I DebugLevel masking set
04/01/2018 10:17:51 ITADB399I Using encryption algorithms: Advanced Encryption Standard (AES), 256 bit, RSA (2048 bit), SHA1.
04/01/2018 10:17:54 ITADM114I Successfully connected to Database, Database id 0.
04/01/2018 10:17:56 ITALD013I LDAP configuration refreshed successfully.
04/01/2018 10:18:17 ITALD001E Failed to initialize LDAP module. (Reason: Connection failed to all hosts of "DuduDC" LDAP directory (Last host name: 192.168.10.111, Last LDAP error: Server Down, Code: 81), Code: 0,0).
04/01/2018 10:18:30 ITAFW001I Firewall is open for client communication
04/01/2018 10:18:30 ITAFW052I Firewall is open for non standard address.
04/01/2018 10:18:31 ITAFW052I Firewall is open for non standard address.
04/01/2018 10:18:31 ITAFW052I Firewall is open for non standard address.
04/01/2018 10:18:31 ITADB313I Server 9.5.0 (9.50.0.338) is up
04/01/2018 10:19:14 ITAQS031I Object cache is loaded.
04/01/2018 12:00:16 ITATS528E Authentication failure for user Administrator from station: 126.0.3.201 (code: -66).
04/01/2018 12:00:21 ITATS528E Authentication failure for user Administrator from station: 126.0.3.201 (code: -66).
04/01/2018 12:01:53 ITATS471I User Administrator refreshed Firewall Network Areas.
04/01/2018 12:04:33 ITATS471I User Administrator refreshed Firewall Network Areas.
04/01/2018 12:11:30 ITATS471I User Administrator refreshed Firewall Network Areas.
04/01/2018 12:20:07 ITATS471I User Administrator refreshed Firewall Network Areas.
04/01/2018 12:34:21 ITATS427W Safe Dudu_test is nearly out of space. 3MB out of 50MB (7%) left.
04/01/2018 12:36:56 ITATS427W Safe Dudu_test is nearly out of space. 3MB out of 50MB (7%) left.
04/01/2018 12:36:56 ITATS427W Safe Dudu_test is nearly out of space. 3MB out of 50MB (7%) left.
04/01/2018 12:36:56 ITATS427W Safe Dudu_test is nearly out of space. 3MB out of 50MB (7%) left.
04/01/2018 12:36:56 ITATS427W Safe Dudu_test is nearly out of space. 3MB out of 50MB (7%) left.
04/01/2018 12:36:56 ITATS427W Safe Dudu_test is nearly out of space. 3MB out of 50MB (7%) left.
04/01/2018 12:36:56 ITATS427W Safe Dudu_test is nearly out of space. 3MB out of 50MB (6%) left.
04/01/2018 12:36:56 ITATS427W Safe Dudu_test is nearly out of space. 3MB out of 50MB (6%) left.
04/01/2018 12:36:56 ITATS427W Safe Dudu_test is nearly out of space. 2MB out of 50MB (5%) left.
04/01/2018 12:36:57 ITATS426E Safe Dudu_test is out of space.
04/01/2018 23:00:39 ITATS691E LDAP synchronization error. Reason: Object moshe details could not be queried on LDAP directory. (Reason: Connection failed to all hosts of "DuduDC" LDAP directory (Last host name: 192.168
04/01/2018 23:01:00 ITATS691E LDAP synchronization error. Reason: Object dude123 details could not be queried on LDAP directory. (Reason: Connection failed to all hosts of "DuduDC" LDAP directory (Last host name: 192.1
04/01/2018 23:01:21 ITATS691E LDAP synchronization error. Reason: Object jjabrams details could not be queried on LDAP directory. (Reason: Connection failed to all hosts of "DuduDC" LDAP directory (Last host name: 192.
04/01/2018 23:01:43 ITATS691E LDAP synchronization error. Reason: Object slava details could not be queried on LDAP directory. (Reason: Connection failed to all hosts of "DuduDC" LDAP directory (Last host name: 192.168
04/01/2018 23:02:04 ITATS691E LDAP synchronization error. Reason: Object sharedMailBox details could not be queried on LDAP directory. (Reason: Connection failed to all hosts of "DuduDC" LDAP directory (Last host name:
05/01/2018 23:00:26 ITATS691E LDAP synchronization error. Reason: Object moshe details could not be queried on LDAP directory. (Reason: Connection failed to all hosts of "DuduDC" LDAP directory (Last host name: 192.168
05/01/2018 23:00:47 ITATS691E LDAP synchronization error. Reason: Object dude123 details could not be queried on LDAP directory. (Reason: Connection failed to all hosts of "DuduDC" LDAP directory (Last host name: 192.1
05/01/2018 23:01:08 ITATS691E LDAP synchronization error. Reason: Object jjabrams details could not be queried on LDAP directory. (Reason: Connection failed to all hosts of "DuduDC" LDAP directory (Last host name: 192.
05/01/2018 23:01:29 ITATS691E LDAP synchronization error. Reason: Object slava details could not be queried on LDAP directory. (Reason: Connection failed to all hosts of "DuduDC" LDAP directory (Last host name: 192.168
05/01/2018 23:01:50 ITATS691E LDAP synchronization error. Reason: Object sharedMailBox details could not be queried on LDAP directory. (Reason: Connection failed to all hosts of "DuduDC" LDAP directory (Last host name:
06/01/2018 23:00:31 ITATS691E LDAP synchronization error. Reason: Object moshe details could not be queried on LDAP directory. (Reason: Connection failed to all hosts of "DuduDC" LDAP directory (Last host name: 192.168
06/01/2018 23:00:53 ITATS691E LDAP synchronization error. Reason: Object dude123 details could not be queried on LDAP directory. (Reason: Connection failed to all hosts of "DuduDC" LDAP directory (Last host name: 192.1
06/01/2018 23:01:14 ITATS691E LDAP synchronization error. Reason: Object jjabrams details could not be queried on LDAP directory. (Reason: Connection failed to all hosts of "DuduDC" LDAP directory (Last host name: 192.
06/01/2018 23:01:35 ITATS691E LDAP synchronization error. Reason: Object slava details could not be queried on LDAP directory. (Reason: Connection failed to all hosts of "DuduDC" LDAP directory (Last host name: 192.168
06/01/2018 23:01:56 ITATS691E LDAP synchronization error. Reason: Object sharedMailBox details could not be queried on LDAP directory. (Reason: Connection failed to all hosts of "DuduDC" LDAP directory (Last host name:
07/01/2018 23:01:09 ITATS691E LDAP synchronization error. Reason: Object moshe details could not be queried on LDAP directory. (Reason: Connection failed to all hosts of "DuduDC" LDAP directory (Last host name: 192.168
07/01/2018 23:01:30 ITATS691E LDAP synchronization error. Reason: Object dude123 details could not be queried on LDAP directory. (Reason: Connection failed to all hosts of "DuduDC" LDAP directory (Last host name: 192.1
07/01/2018 23:01:51 ITATS691E LDAP synchronization error. Reason: Object jjabrams details could not be queried on LDAP directory. (Reason: Connection failed to all hosts of "DuduDC" LDAP directory (Last host name: 192.
07/01/2018 23:02:13 ITATS691E LDAP synchronization error. Reason: Object slava details could not be queried on LDAP directory. (Reason: Connection failed to all hosts of "DuduDC" LDAP directory (Last host name: 192.168
07/01/2018 23:02:34 ITATS691E LDAP synchronization error. Reason: Object sharedMailBox details could not be queried on LDAP directory. (Reason: Connection failed to all hosts of "DuduDC" LDAP directory (Last host name:
08/01/2018 23:01:14 ITATS691E LDAP synchronization error. Reason: Object moshe details could not be queried on LDAP directory. (Reason: Connection failed to all hosts of "DuduDC" LDAP directory (Last host name: 192.168
08/01/2018 23:01:35 ITATS691E LDAP synchronization error. Reason: Object dude123 details could not be queried on LDAP directory. (Reason: Connection failed to all hosts of "DuduDC" LDAP directory (Last host name: 192.1
08/01/2018 23:01:56 ITATS691E LDAP synchronization error. Reason: Object jjabrams details could not be queried on LDAP directory. (Reason: Connection failed to all hosts of "DuduDC" LDAP directory (Last host name: 192.
08/01/2018 23:02:17 ITATS691E LDAP synchronization error. Reason: Object slava details could not be queried on LDAP directory. (Reason: Connection failed to all hosts of "DuduDC" LDAP directory (Last host name: 192.168
08/01/2018 23:02:38 ITATS691E LDAP synchronization error. Reason: Object sharedMailBox details could not be queried on LDAP directory. (Reason: Connection failed to all hosts of "DuduDC" LDAP directory (Last host name:
09/01/2018 23:01:05 ITATS691E LDAP synchronization error. Reason: Object moshe details could not be queried on LDAP directory. (Reason: Connection failed to all hosts of "DuduDC" LDAP directory (Last host name: 192.168
09/01/2018 23:01:26 ITATS691E LDAP synchronization error. Reason: Object dude123 details could not be queried on LDAP directory. (Reason: Connection failed to all hosts of "DuduDC" LDAP directory (Last host name: 192.1
09/01/2018 23:01:47 ITATS691E LDAP synchronization error. Reason: Object jjabrams details could not be queried on LDAP directory. (Reason: Connection failed to all hosts of "DuduDC" LDAP directory (Last host name: 192.
09/01/2018 23:02:08 ITATS691E LDAP synchronization error. Reason: Object slava details could not be queried on LDAP directory. (Reason: Connection failed to all hosts of "DuduDC" LDAP directory (Last host name: 192.168
09/01/2018 23:02:29 ITATS691E LDAP synchronization error. Reason: Object sharedMailBox details could not be queried on LDAP directory. (Reason: Connection failed to all hosts of "DuduDC" LDAP directory (Last host name:
10/01/2018 22:59:55 ITATS691E LDAP synchronization error. Reason: Object moshe details could not be queried on LDAP directory. (Reason: Connection failed to all hosts of "DuduDC" LDAP directory (Last host name: 192.168
10/01/2018 23:00:16 ITATS691E LDAP synchronization error. Reason: Object dude123 details could not be queried on LDAP directory. (Reason: Connection failed to all hosts of "DuduDC" LDAP directory (Last host name: 192.1
10/01/2018 23:00:37 ITATS691E LDAP synchronization error. Reason: Object jjabrams details could not be queried on LDAP directory. (Reason: Connection failed to all hosts of "DuduDC" LDAP directory (Last host name: 192.
10/01/2018 23:00:58 ITATS691E LDAP synchronization error. Reason: Object slava details could not be queried on LDAP directory. (Reason: Connection failed to all hosts of "DuduDC" LDAP directory (Last host name: 192.168
10/01/2018 23:01:19 ITATS691E LDAP synchronization error. Reason: Object sharedMailBox details could not be queried on LDAP directory. (Reason: Connection failed to all hosts of "DuduDC" LDAP directory (Last host name:
11/01/2018 22:59:39 ITATS691E LDAP synchronization error. Reason: Object moshe details could not be queried on LDAP directory. (Reason: Connection failed to all hosts of "DuduDC" LDAP directory (Last host name: 192.168
11/01/2018 23:00:00 ITATS691E LDAP synchronization error. Reason: Object dude123 details could not be queried on LDAP directory. (Reason: Connection failed to all hosts of "DuduDC" LDAP directory (Last host name: 192.1
11/01/2018 23:00:21 ITATS691E LDAP synchronization error. Reason: Object jjabrams details could not be queried on LDAP directory. (Reason: Connection failed to all hosts of "DuduDC" LDAP directory (Last host name: 192.
11/01/2018 23:00:42 ITATS691E LDAP synchronization error. Reason: Object slava details could not be queried on LDAP directory. (Reason: Connection failed to all hosts of "DuduDC" LDAP directory (Last host name: 192.168
11/01/2018 23:01:03 ITATS691E LDAP synchronization error. Reason: Object sharedMailBox details could not be queried on LDAP directory. (Reason: Connection failed to all hosts of "DuduDC" LDAP directory (Last host name:
12/01/2018 22:59:23 ITATS691E LDAP synchronization error. Reason: Object moshe details could not be queried on LDAP directory. (Reason: Connection failed to all hosts of "DuduDC" LDAP directory (Last host name: 192.168
12/01/2018 22:59:44 ITATS691E LDAP synchronization error. Reason: Object dude123 details could not be queried on LDAP directory. (Reason: Connection failed to all hosts of "DuduDC" LDAP directory (Last host name: 192.1
12/01/2018 23:00:05 ITATS691E LDAP synchronization error. Reason: Object jjabrams details could not be queried on LDAP directory. (Reason: Connection failed to all hosts of "DuduDC" LDAP directory (Last host name: 192.
12/01/2018 23:00:26 ITATS691E LDAP synchronization error. Reason: Object slava details could not be queried on LDAP directory. (Reason: Connection failed to all hosts of "DuduDC" LDAP directory (Last host name: 192.168
12/01/2018 23:00:47 ITATS691E LDAP synchronization error. Reason: Object sharedMailBox details could not be queried on LDAP directory. (Reason: Connection failed to all hosts of "DuduDC" LDAP directory (Last host name:
13/01/2018 22:59:16 ITATS691E LDAP synchronization error. Reason: Object moshe details could not be queried on LDAP directory. (Reason: Connection failed to all hosts of "DuduDC" LDAP directory (Last host name: 192.168
13/01/2018 22:59:38 ITATS691E LDAP synchronization error. Reason: Object dude123 details could not be queried on LDAP directory. (Reason: Connection failed to all hosts of "DuduDC" LDAP directory (Last host name: 192.1
13/01/2018 22:59:59 ITATS691E LDAP synchronization error. Reason: Object jjabrams details could not be queried on LDAP directory. (Reason: Connection failed to all hosts of "DuduDC" LDAP directory (Last host name: 192.
13/01/2018 23:00:20 ITATS691E LDAP synchronization error. Reason: Object slava details could not be queried on LDAP directory. (Reason: Connection failed to all hosts of "DuduDC" LDAP directory (Last host name: 192.168
13/01/2018 23:00:41 ITATS691E LDAP synchronization error. Reason: Object sharedMailBox details could not be queried on LDAP directory. (Reason: Connection failed to all hosts of "DuduDC" LDAP directory (Last host name:
14/01/2018 23:00:00 ITATS691E LDAP synchronization error. Reason: Object moshe details could not be queried on LDAP directory. (Reason: Connection failed to all hosts of "DuduDC" LDAP directory (Last host name: 192.168
14/01/2018 23:00:22 ITATS691E LDAP synchronization error. Reason: Object dude123 details could not be queried on LDAP directory. (Reason: Connection failed to all hosts of "DuduDC" LDAP directory (Last host name: 192.1
14/01/2018 23:00:43 ITATS691E LDAP synchronization error. Reason: Object jjabrams details could not be queried on LDAP directory. (Reason: Connection failed to all hosts of "DuduDC" LDAP directory (Last host name: 192.
14/01/2018 23:01:04 ITATS691E LDAP synchronization error. Reason: Object slava details could not be queried on LDAP directory. (Reason: Connection failed to all hosts of "DuduDC" LDAP directory (Last host name: 192.168
14/01/2018 23:01:25 ITATS691E LDAP synchronization error. Reason: Object sharedMailBox details could not be queried on LDAP directory. (Reason: Connection failed to all hosts of "DuduDC" LDAP directory (Last host name:
15/01/2018 22:59:46 ITATS691E LDAP synchronization error. Reason: Object moshe details could not be queried on LDAP directory. (Reason: Connection failed to all hosts of "DuduDC" LDAP directory (Last host name: 192.168
15/01/2018 23:00:07 ITATS691E LDAP synchronization error. Reason: Object dude123 details could not be queried on LDAP directory. (Reason: Connection failed to all hosts of "DuduDC" LDAP directory (Last host name: 192.1
15/01/2018 23:00:28 ITATS691E LDAP synchronization error. Reason: Object jjabrams details could not be queried on LDAP directory. (Reason: Connection failed to all hosts of "DuduDC" LDAP directory (Last host name: 192.
15/01/2018 23:00:49 ITATS691E LDAP synchronization error. Reason: Object slava details could not be queried on LDAP directory. (Reason: Connection failed to all hosts of "DuduDC" LDAP directory (Last host name: 192.168
15/01/2018 23:01:10 ITATS691E LDAP synchronization error. Reason: Object sharedMailBox details could not be queried on LDAP directory. (Reason: Connection failed to all hosts of "DuduDC" LDAP directory (Last host name:
16/01/2018 22:59:51 ITATS691E LDAP synchronization error. Reason: Object moshe details could not be queried on LDAP directory. (Reason: Connection failed to all hosts of "DuduDC" LDAP directory (Last host name: 192.168
16/01/2018 23:00:12 ITATS691E LDAP synchronization error. Reason: Object dude123 details could not be queried on LDAP directory. (Reason: Connection failed to all hosts of "DuduDC" LDAP directory (Last host name: 192.1
16/01/2018 23:00:33 ITATS691E LDAP synchronization error. Reason: Object jjabrams details could not be queried on LDAP directory. (Reason: Connection failed to all hosts of "DuduDC" LDAP directory (Last host name: 192.
16/01/2018 23:00:54 ITATS691E LDAP synchronization error. Reason: Object slava details could not be queried on LDAP directory. (Reason: Connection failed to all hosts of "DuduDC" LDAP directory (Last host name: 192.168
16/01/2018 23:01:15 ITATS691E LDAP synchronization error. Reason: Object sharedMailBox details could not be queried on LDAP directory. (Reason: Connection failed to all hosts of "DuduDC" LDAP directory (Last host name:
17/01/2018 22:59:05 ITATS691E LDAP synchronization error. Reason: Object moshe details could not be queried on LDAP directory. (Reason: Connection failed to all hosts of "DuduDC" LDAP directory (Last host name: 192.168
17/01/2018 22:59:26 ITATS691E LDAP synchronization error. Reason: Object dude123 details could not be queried on LDAP directory. (Reason: Connection failed to all hosts of "DuduDC" LDAP directory (Last host name: 192.1
17/01/2018 22:59:47 ITATS691E LDAP synchronization error. Reason: Object jjabrams details could not be queried on LDAP directory. (Reason: Connection failed to all hosts of "DuduDC" LDAP directory (Last host name: 192.
17/01/2018 23:00:08 ITATS691E LDAP synchronization error. Reason: Object slava details could not be queried on LDAP directory. (Reason: Connection failed to all hosts of "DuduDC" LDAP directory (Last host name: 192.168
17/01/2018 23:00:29 ITATS691E LDAP synchronization error. Reason: Object sharedMailBox details could not be queried on LDAP directory. (Reason: Connection failed to all hosts of "DuduDC" LDAP directory (Last host name:
18/01/2018 22:59:37 ITATS691E LDAP synchronization error. Reason: Object moshe details could not be queried on LDAP directory. (Reason: Connection failed to all hosts of "DuduDC" LDAP directory (Last host name: 192.168
18/01/2018 22:59:58 ITATS691E LDAP synchronization error. Reason: Object dude123 details could not be queried on LDAP directory. (Reason: Connection failed to all hosts of "DuduDC" LDAP directory (Last host name: 192.1
18/01/2018 23:00:19 ITATS691E LDAP synchronization error. Reason: Object jjabrams details could not be queried on LDAP directory. (Reason: Connection failed to all hosts of "DuduDC" LDAP directory (Last host name: 192.
18/01/2018 23:00:40 ITATS691E LDAP synchronization error. Reason: Object slava details could not be queried on LDAP directory. (Reason: Connection failed to all hosts of "DuduDC" LDAP directory (Last host name: 192.168
18/01/2018 23:01:01 ITATS691E LDAP synchronization error. Reason: Object sharedMailBox details could not be queried on LDAP directory. (Reason: Connection failed to all hosts of "DuduDC" LDAP directory (Last host name:
19/01/2018 22:59:53 ITATS691E LDAP synchronization error. Reason: Object moshe details could not be queried on LDAP directory. (Reason: Connection failed to all hosts of "DuduDC" LDAP directory (Last host name: 192.168
19/01/2018 23:00:14 ITATS691E LDAP synchronization error. Reason: Object dude123 details could not be queried on LDAP directory. (Reason: Connection failed to all hosts of "DuduDC" LDAP directory (Last host name: 192.1
19/01/2018 23:00:35 ITATS691E LDAP synchronization error. Reason: Object jjabrams details could not be queried on LDAP directory. (Reason: Connection failed to all hosts of "DuduDC" LDAP directory (Last host name: 192.
19/01/2018 23:00:56 ITATS691E LDAP synchronization error. Reason: Object slava details could not be queried on LDAP directory. (Reason: Connection failed to all hosts of "DuduDC" LDAP directory (Last host name: 192.168
19/01/2018 23:01:17 ITATS691E LDAP synchronization error. Reason: Object sharedMailBox details could not be queried on LDAP directory. (Reason: Connection failed to all hosts of "DuduDC" LDAP directory (Last host name:
20/01/2018 22:59:08 ITATS691E LDAP synchronization error. Reason: Object moshe details could not be queried on LDAP directory. (Reason: Connection failed to all hosts of "DuduDC" LDAP directory (Last host name: 192.168
20/01/2018 22:59:29 ITATS691E LDAP synchronization error. Reason: Object dude123 details could not be queried on LDAP directory. (Reason: Connection failed to all hosts of "DuduDC" LDAP directory (Last host name: 192.1
20/01/2018 22:59:50 ITATS691E LDAP synchronization error. Reason: Object jjabrams details could not be queried on LDAP directory. (Reason: Connection failed to all hosts of "DuduDC" LDAP directory (Last host name: 192.
20/01/2018 23:00:11 ITATS691E LDAP synchronization error. Reason: Object slava details could not be queried on LDAP directory. (Reason: Connection failed to all hosts of "DuduDC" LDAP directory (Last host name: 192.168
20/01/2018 23:00:32 ITATS691E LDAP synchronization error. Reason: Object sharedMailBox details could not be queried on LDAP directory. (Reason: Connection failed to all hosts of "DuduDC" LDAP directory (Last host name:
21/01/2018 22:59:36 ITATS691E LDAP synchronization error. Reason: Object moshe details could not be queried on LDAP directory. (Reason: Connection failed to all hosts of "DuduDC" LDAP directory (Last host name: 192.168
21/01/2018 22:59:57 ITATS691E LDAP synchronization error. Reason: Object dude123 details could not be queried on LDAP directory. (Reason: Connection failed to all hosts of "DuduDC" LDAP directory (Last host name: 192.1
21/01/2018 23:00:19 ITATS691E LDAP synchronization error. Reason: Object jjabrams details could not be queried on LDAP directory. (Reason: Connection failed to all hosts of "DuduDC" LDAP directory (Last host name: 192.
21/01/2018 23:00:40 ITATS691E LDAP synchronization error. Reason: Object slava details could not be queried on LDAP directory. (Reason: Connection failed to all hosts of "DuduDC" LDAP directory (Last host name: 192.168
21/01/2018 23:01:01 ITATS691E LDAP synchronization error. Reason: Object sharedMailBox details could not be queried on LDAP directory. (Reason: Connection failed to all hosts of "DuduDC" LDAP directory (Last host name:
22/01/2018 22:59:57 ITATS691E LDAP synchronization error. Reason: Object moshe details could not be queried on LDAP directory. (Reason: Connection failed to all hosts of "DuduDC" LDAP directory (Last host name: 192.168
22/01/2018 23:00:18 ITATS691E LDAP synchronization error. Reason: Object dude123 details could not be queried on LDAP directory. (Reason: Connection failed to all hosts of "DuduDC" LDAP directory (Last host name: 192.1
22/01/2018 23:00:39 ITATS691E LDAP synchronization error. Reason: Object jjabrams details could not be queried on LDAP directory. (Reason: Connection failed to all hosts of "DuduDC" LDAP directory (Last host name: 192.
22/01/2018 23:01:00 ITATS691E LDAP synchronization error. Reason: Object slava details could not be queried on LDAP directory. (Reason: Connection failed to all hosts of "DuduDC" LDAP directory (Last host name: 192.168
22/01/2018 23:01:21 ITATS691E LDAP synchronization error. Reason: Object sharedMailBox details could not be queried on LDAP directory. (Reason: Connection failed to all hosts of "DuduDC" LDAP directory (Last host name:
23/01/2018 22:59:44 ITATS691E LDAP synchronization error. Reason: Object moshe details could not be queried on LDAP directory. (Reason: Connection failed to all hosts of "DuduDC" LDAP directory (Last host name: 192.168
23/01/2018 23:00:05 ITATS691E LDAP synchronization error. Reason: Object dude123 details could not be queried on LDAP directory. (Reason: Connection failed to all hosts of "DuduDC" LDAP directory (Last host name: 192.1
23/01/2018 23:00:26 ITATS691E LDAP synchronization error. Reason: Object jjabrams details could not be queried on LDAP directory. (Reason: Connection failed to all hosts of "DuduDC" LDAP directory (Last host name: 192.
23/01/2018 23:00:47 ITATS691E LDAP synchronization error. Reason: Object slava details could not be queried on LDAP directory. (Reason: Connection failed to all hosts of "DuduDC" LDAP directory (Last host name: 192.168
23/01/2018 23:01:08 ITATS691E LDAP synchronization error. Reason: Object sharedMailBox details could not be queried on LDAP directory. (Reason: Connection failed to all hosts of "DuduDC" LDAP directory (Last host name:
24/01/2018 13:15:59 ITATS528E Authentication failure for user administrator from station: 126.0.3.201 (code: -66).
24/01/2018 15:35:33 ITAUI415S Station 126.0.3.201: Client has been Disconnected reason 7. Possible attempt to bypass security
24/01/2018 15:35:58 ITAUI415S Station 126.0.3.201: Client has been Disconnected reason 7. Possible attempt to bypass security
24/01/2018 22:59:36 ITATS691E LDAP synchronization error. Reason: Object moshe details could not be queried on LDAP directory. (Reason: Connection failed to all hosts of "DuduDC" LDAP directory (Last host name: 192.168
24/01/2018 22:59:57 ITATS691E LDAP synchronization error. Reason: Object dude123 details could not be queried on LDAP directory. (Reason: Connection failed to all hosts of "DuduDC" LDAP directory (Last host name: 192.1
24/01/2018 23:00:18 ITATS691E LDAP synchronization error. Reason: Object jjabrams details could not be queried on LDAP directory. (Reason: Connection failed to all hosts of "DuduDC" LDAP directory (Last host name: 192.
24/01/2018 23:00:39 ITATS691E LDAP synchronization error. Reason: Object slava details could not be queried on LDAP directory. (Reason: Connection failed to all hosts of "DuduDC" LDAP directory (Last host name: 192.168
24/01/2018 23:01:00 ITATS691E LDAP synchronization error. Reason: Object sharedMailBox details could not be queried on LDAP directory. (Reason: Connection failed to all hosts of "DuduDC" LDAP directory (Last host name:
25/01/2018 23:00:02 ITATS691E LDAP synchronization error. Reason: Object moshe details could not be queried on LDAP directory. (Reason: Connection failed to all hosts of "DuduDC" LDAP directory (Last host name: 192.168
25/01/2018 23:00:23 ITATS691E LDAP synchronization error. Reason: Object dude123 details could not be queried on LDAP directory. (Reason: Connection failed to all hosts of "DuduDC" LDAP directory (Last host name: 192.1
25/01/2018 23:00:44 ITATS691E LDAP synchronization error. Reason: Object jjabrams details could not be queried on LDAP directory. (Reason: Connection failed to all hosts of "DuduDC" LDAP directory (Last host name: 192.
25/01/2018 23:01:05 ITATS691E LDAP synchronization error. Reason: Object slava details could not be queried on LDAP directory. (Reason: Connection failed to all hosts of "DuduDC" LDAP directory (Last host name: 192.168
25/01/2018 23:01:26 ITATS691E LDAP synchronization error. Reason: Object sharedMailBox details could not be queried on LDAP directory. (Reason: Connection failed to all hosts of "DuduDC" LDAP directory (Last host name:
26/01/2018 22:59:40 ITATS691E LDAP synchronization error. Reason: Object moshe details could not be queried on LDAP directory. (Reason: Connection failed to all hosts of "DuduDC" LDAP directory (Last host name: 192.168
26/01/2018 23:00:01 ITATS691E LDAP synchronization error. Reason: Object dude123 details could not be queried on LDAP directory. (Reason: Connection failed to all hosts of "DuduDC" LDAP directory (Last host name: 192.1
26/01/2018 23:00:22 ITATS691E LDAP synchronization error. Reason: Object jjabrams details could not be queried on LDAP directory. (Reason: Connection failed to all hosts of "DuduDC" LDAP directory (Last host name: 192.
26/01/2018 23:00:43 ITATS691E LDAP synchronization error. Reason: Object slava details could not be queried on LDAP directory. (Reason: Connection failed to all hosts of "DuduDC" LDAP directory (Last host name: 192.168
26/01/2018 23:01:04 ITATS691E LDAP synchronization error. Reason: Object sharedMailBox details could not be queried on LDAP directory. (Reason: Connection failed to all hosts of "DuduDC" LDAP directory (Last host name:
27/01/2018 22:59:05 ITATS691E LDAP synchronization error. Reason: Object moshe details could not be queried on LDAP directory. (Reason: Connection failed to all hosts of "DuduDC" LDAP directory (Last host name: 192.168
27/01/2018 22:59:26 ITATS691E LDAP synchronization error. Reason: Object dude123 details could not be queried on LDAP directory. (Reason: Connection failed to all hosts of "DuduDC" LDAP directory (Last host name: 192.1
27/01/2018 22:59:47 ITATS691E LDAP synchronization error. Reason: Object jjabrams details could not be queried on LDAP directory. (Reason: Connection failed to all hosts of "DuduDC" LDAP directory (Last host name: 192.
27/01/2018 23:00:08 ITATS691E LDAP synchronization error. Reason: Object slava details could not be queried on LDAP directory. (Reason: Connection failed to all hosts of "DuduDC" LDAP directory (Last host name: 192.168
27/01/2018 23:00:29 ITATS691E LDAP synchronization error. Reason: Object sharedMailBox details could not be queried on LDAP directory. (Reason: Connection failed to all hosts of "DuduDC" LDAP directory (Last host name:
28/01/2018 22:59:52 ITATS691E LDAP synchronization error. Reason: Object moshe details could not be queried on LDAP directory. (Reason: Connection failed to all hosts of "DuduDC" LDAP directory (Last host name: 192.168
28/01/2018 23:00:13 ITATS691E LDAP synchronization error. Reason: Object dude123 details could not be queried on LDAP directory. (Reason: Connection failed to all hosts of "DuduDC" LDAP directory (Last host name: 192.1
28/01/2018 23:00:34 ITATS691E LDAP synchronization error. Reason: Object jjabrams details could not be queried on LDAP directory. (Reason: Connection failed to all hosts of "DuduDC" LDAP directory (Last host name: 192.
28/01/2018 23:00:56 ITATS691E LDAP synchronization error. Reason: Object slava details could not be queried on LDAP directory. (Reason: Connection failed to all hosts of "DuduDC" LDAP directory (Last host name: 192.168
28/01/2018 23:01:17 ITATS691E LDAP synchronization error. Reason: Object sharedMailBox details could not be queried on LDAP directory. (Reason: Connection failed to all hosts of "DuduDC" LDAP directory (Last host name:
29/01/2018 22:59:30 ITATS691E LDAP synchronization error. Reason: Object moshe details could not be queried on LDAP directory. (Reason: Connection failed to all hosts of "DuduDC" LDAP directory (Last host name: 192.168
29/01/2018 22:59:51 ITATS691E LDAP synchronization error. Reason: Object dude123 details could not be queried on LDAP directory. (Reason: Connection failed to all hosts of "DuduDC" LDAP directory (Last host name: 192.1
29/01/2018 23:00:12 ITATS691E LDAP synchronization error. Reason: Object jjabrams details could not be queried on LDAP directory. (Reason: Connection failed to all hosts of "DuduDC" LDAP directory (Last host name: 192.
29/01/2018 23:00:33 ITATS691E LDAP synchronization error. Reason: Object slava details could not be queried on LDAP directory. (Reason: Connection failed to all hosts of "DuduDC" LDAP directory (Last host name: 192.168
29/01/2018 23:00:54 ITATS691E LDAP synchronization error. Reason: Object sharedMailBox details could not be queried on LDAP directory. (Reason: Connection failed to all hosts of "DuduDC" LDAP directory (Last host name:
30/01/2018 22:59:53 ITATS691E LDAP synchronization error. Reason: Object moshe details could not be queried on LDAP directory. (Reason: Connection failed to all hosts of "DuduDC" LDAP directory (Last host name: 192.168
30/01/2018 23:00:14 ITATS691E LDAP synchronization error. Reason: Object dude123 details could not be queried on LDAP directory. (Reason: Connection failed to all hosts of "DuduDC" LDAP directory (Last host name: 192.1
30/01/2018 23:00:35 ITATS691E LDAP synchronization error. Reason: Object jjabrams details could not be queried on LDAP directory. (Reason: Connection failed to all hosts of "DuduDC" LDAP directory (Last host name: 192.
30/01/2018 23:00:56 ITATS691E LDAP synchronization error. Reason: Object slava details could not be queried on LDAP directory. (Reason: Connection failed to all hosts of "DuduDC" LDAP directory (Last host name: 192.168
30/01/2018 23:01:17 ITATS691E LDAP synchronization error. Reason: Object sharedMailBox details could not be queried on LDAP directory. (Reason: Connection failed to all hosts of "DuduDC" LDAP directory (Last host name:
31/01/2018 22:59:30 ITATS691E LDAP synchronization error. Reason: Object moshe details could not be queried on LDAP directory. (Reason: Connection failed to all hosts of "DuduDC" LDAP directory (Last host name: 192.168
31/01/2018 22:59:51 ITATS691E LDAP synchronization error. Reason: Object dude123 details could not be queried on LDAP directory. (Reason: Connection failed to all hosts of "DuduDC" LDAP directory (Last host name: 192.1
31/01/2018 23:00:12 ITATS691E LDAP synchronization error. Reason: Object jjabrams details could not be queried on LDAP directory. (Reason: Connection failed to all hosts of "DuduDC" LDAP directory (Last host name: 192.
31/01/2018 23:00:33 ITATS691E LDAP synchronization error. Reason: Object slava details could not be queried on LDAP directory. (Reason: Connection failed to all hosts of "DuduDC" LDAP directory (Last host name: 192.168
31/01/2018 23:00:54 ITATS691E LDAP synchronization error. Reason: Object sharedMailBox details could not be queried on LDAP directory. (Reason: Connection failed to all hosts of "DuduDC" LDAP directory (Last host name:
